2025-10-11 22:04:07,656 INFO  - **********************************************************************************
2025-10-11 22:04:07,657 INFO  - **********************************************************************************
2025-10-11 22:04:07,657 INFO  - $$$$$$$$$$$$$$$$$$$$$$$$$$$$$$$$  createRepoTestCase   $$$$$$$$$$$$$$$$$$$$$$$$$$$$
2025-10-11 22:04:07,657 INFO  - **********************************************************************************
2025-10-11 22:04:07,657 INFO  - **********************************************************************************
2025-10-11 22:04:07,657 INFO  - starting create Repo Test via POJO
2025-10-11 22:04:07,657 INFO  - Request URI is - https://api.github.com/user/repos
2025-10-11 22:04:07,971 INFO  - Request Payload is - {
  "name" : "API-Testing-repo-31",
  "description" : "Repo created via RestAssured Pojo Test 2"
}
2025-10-11 22:04:07,976 INFO  - Request URI is - https://api.github.com/user/repos
2025-10-11 22:04:07,976 INFO  - Request Payload is - {
  "name" : "API-Testing-repo-31",
  "description" : "Repo created via RestAssured Pojo Test 2"
}
2025-10-11 22:04:12,547 INFO  - Request Response is - {"id":1074361880,"node_id":"R_kgDOQAl2GA","name":"API-Testing-repo-31","full_name":"rrajendhar114/API-Testing-repo-31","private":false,"owner":{"login":"rrajendhar114","id":208336740,"node_id":"U_kgDODGr3ZA","avatar_url":"https://avatars.githubusercontent.com/u/208336740?v=4","gravatar_id":"","url":"https://api.github.com/users/rrajendhar114","html_url":"https://github.com/rrajendhar114","followers_url":"https://api.github.com/users/rrajendhar114/followers","following_url":"https://api.github.com/users/rrajendhar114/following{/other_user}","gists_url":"https://api.github.com/users/rrajendhar114/gists{/gist_id}","starred_url":"https://api.github.com/users/rrajendhar114/starred{/owner}{/repo}","subscriptions_url":"https://api.github.com/users/rrajendhar114/subscriptions","organizations_url":"https://api.github.com/users/rrajendhar114/orgs","repos_url":"https://api.github.com/users/rrajendhar114/repos","events_url":"https://api.github.com/users/rrajendhar114/events{/privacy}","received_events_url":"https://api.github.com/users/rrajendhar114/received_events","type":"User","user_view_type":"public","site_admin":false},"html_url":"https://github.com/rrajendhar114/API-Testing-repo-31","description":"Repo created via RestAssured Pojo Test 2","fork":false,"url":"https://api.github.com/repos/rrajendhar114/API-Testing-repo-31","forks_url":"https://api.github.com/repos/rrajendhar114/API-Testing-repo-31/forks","keys_url":"https://api.github.com/repos/rrajendhar114/API-Testing-repo-31/keys{/key_id}","collaborators_url":"https://api.github.com/repos/rrajendhar114/API-Testing-repo-31/collaborators{/collaborator}","teams_url":"https://api.github.com/repos/rrajendhar114/API-Testing-repo-31/teams","hooks_url":"https://api.github.com/repos/rrajendhar114/API-Testing-repo-31/hooks","issue_events_url":"https://api.github.com/repos/rrajendhar114/API-Testing-repo-31/issues/events{/number}","events_url":"https://api.github.com/repos/rrajendhar114/API-Testing-repo-31/events","assignees_url":"https://api.github.com/repos/rrajendhar114/API-Testing-repo-31/assignees{/user}","branches_url":"https://api.github.com/repos/rrajendhar114/API-Testing-repo-31/branches{/branch}","tags_url":"https://api.github.com/repos/rrajendhar114/API-Testing-repo-31/tags","blobs_url":"https://api.github.com/repos/rrajendhar114/API-Testing-repo-31/git/blobs{/sha}","git_tags_url":"https://api.github.com/repos/rrajendhar114/API-Testing-repo-31/git/tags{/sha}","git_refs_url":"https://api.github.com/repos/rrajendhar114/API-Testing-repo-31/git/refs{/sha}","trees_url":"https://api.github.com/repos/rrajendhar114/API-Testing-repo-31/git/trees{/sha}","statuses_url":"https://api.github.com/repos/rrajendhar114/API-Testing-repo-31/statuses/{sha}","languages_url":"https://api.github.com/repos/rrajendhar114/API-Testing-repo-31/languages","stargazers_url":"https://api.github.com/repos/rrajendhar114/API-Testing-repo-31/stargazers","contributors_url":"https://api.github.com/repos/rrajendhar114/API-Testing-repo-31/contributors","subscribers_url":"https://api.github.com/repos/rrajendhar114/API-Testing-repo-31/subscribers","subscription_url":"https://api.github.com/repos/rrajendhar114/API-Testing-repo-31/subscription","commits_url":"https://api.github.com/repos/rrajendhar114/API-Testing-repo-31/commits{/sha}","git_commits_url":"https://api.github.com/repos/rrajendhar114/API-Testing-repo-31/git/commits{/sha}","comments_url":"https://api.github.com/repos/rrajendhar114/API-Testing-repo-31/comments{/number}","issue_comment_url":"https://api.github.com/repos/rrajendhar114/API-Testing-repo-31/issues/comments{/number}","contents_url":"https://api.github.com/repos/rrajendhar114/API-Testing-repo-31/contents/{+path}","compare_url":"https://api.github.com/repos/rrajendhar114/API-Testing-repo-31/compare/{base}...{head}","merges_url":"https://api.github.com/repos/rrajendhar114/API-Testing-repo-31/merges","archive_url":"https://api.github.com/repos/rrajendhar114/API-Testing-repo-31/{archive_format}{/ref}","downloads_url":"https://api.github.com/repos/rrajendhar114/API-Testing-repo-31/downloads","issues_url":"https://api.github.com/repos/rrajendhar114/API-Testing-repo-31/issues{/number}","pulls_url":"https://api.github.com/repos/rrajendhar114/API-Testing-repo-31/pulls{/number}","milestones_url":"https://api.github.com/repos/rrajendhar114/API-Testing-repo-31/milestones{/number}","notifications_url":"https://api.github.com/repos/rrajendhar114/API-Testing-repo-31/notifications{?since,all,participating}","labels_url":"https://api.github.com/repos/rrajendhar114/API-Testing-repo-31/labels{/name}","releases_url":"https://api.github.com/repos/rrajendhar114/API-Testing-repo-31/releases{/id}","deployments_url":"https://api.github.com/repos/rrajendhar114/API-Testing-repo-31/deployments","created_at":"2025-10-11T16:34:10Z","updated_at":"2025-10-11T16:34:11Z","pushed_at":"2025-10-11T16:34:11Z","git_url":"git://github.com/rrajendhar114/API-Testing-repo-31.git","ssh_url":"git@github.com:rrajendhar114/API-Testing-repo-31.git","clone_url":"https://github.com/rrajendhar114/API-Testing-repo-31.git","svn_url":"https://github.com/rrajendhar114/API-Testing-repo-31","homepage":null,"size":0,"stargazers_count":0,"watchers_count":0,"language":null,"has_issues":true,"has_projects":true,"has_downloads":true,"has_wiki":true,"has_pages":false,"has_discussions":false,"forks_count":0,"mirror_url":null,"archived":false,"disabled":false,"open_issues_count":0,"license":null,"allow_forking":true,"is_template":false,"web_commit_signoff_required":false,"topics":[],"visibility":"public","forks":0,"open_issues":0,"watchers":0,"default_branch":"main","permissions":{"admin":true,"maintain":true,"push":true,"triage":true,"pull":true},"allow_squash_merge":true,"allow_merge_commit":true,"allow_rebase_merge":true,"allow_auto_merge":false,"delete_branch_on_merge":false,"allow_update_branch":false,"use_squash_pr_title_as_default":false,"squash_merge_commit_message":"COMMIT_MESSAGES","squash_merge_commit_title":"COMMIT_OR_PR_TITLE","merge_commit_message":"PR_TITLE","merge_commit_title":"MERGE_MESSAGE","network_count":0,"subscribers_count":0}
2025-10-11 22:04:12,548 INFO  - Response payload is - {"id":1074361880,"node_id":"R_kgDOQAl2GA","name":"API-Testing-repo-31","full_name":"rrajendhar114/API-Testing-repo-31","private":false,"owner":{"login":"rrajendhar114","id":208336740,"node_id":"U_kgDODGr3ZA","avatar_url":"https://avatars.githubusercontent.com/u/208336740?v=4","gravatar_id":"","url":"https://api.github.com/users/rrajendhar114","html_url":"https://github.com/rrajendhar114","followers_url":"https://api.github.com/users/rrajendhar114/followers","following_url":"https://api.github.com/users/rrajendhar114/following{/other_user}","gists_url":"https://api.github.com/users/rrajendhar114/gists{/gist_id}","starred_url":"https://api.github.com/users/rrajendhar114/starred{/owner}{/repo}","subscriptions_url":"https://api.github.com/users/rrajendhar114/subscriptions","organizations_url":"https://api.github.com/users/rrajendhar114/orgs","repos_url":"https://api.github.com/users/rrajendhar114/repos","events_url":"https://api.github.com/users/rrajendhar114/events{/privacy}","received_events_url":"https://api.github.com/users/rrajendhar114/received_events","type":"User","user_view_type":"public","site_admin":false},"html_url":"https://github.com/rrajendhar114/API-Testing-repo-31","description":"Repo created via RestAssured Pojo Test 2","fork":false,"url":"https://api.github.com/repos/rrajendhar114/API-Testing-repo-31","forks_url":"https://api.github.com/repos/rrajendhar114/API-Testing-repo-31/forks","keys_url":"https://api.github.com/repos/rrajendhar114/API-Testing-repo-31/keys{/key_id}","collaborators_url":"https://api.github.com/repos/rrajendhar114/API-Testing-repo-31/collaborators{/collaborator}","teams_url":"https://api.github.com/repos/rrajendhar114/API-Testing-repo-31/teams","hooks_url":"https://api.github.com/repos/rrajendhar114/API-Testing-repo-31/hooks","issue_events_url":"https://api.github.com/repos/rrajendhar114/API-Testing-repo-31/issues/events{/number}","events_url":"https://api.github.com/repos/rrajendhar114/API-Testing-repo-31/events","assignees_url":"https://api.github.com/repos/rrajendhar114/API-Testing-repo-31/assignees{/user}","branches_url":"https://api.github.com/repos/rrajendhar114/API-Testing-repo-31/branches{/branch}","tags_url":"https://api.github.com/repos/rrajendhar114/API-Testing-repo-31/tags","blobs_url":"https://api.github.com/repos/rrajendhar114/API-Testing-repo-31/git/blobs{/sha}","git_tags_url":"https://api.github.com/repos/rrajendhar114/API-Testing-repo-31/git/tags{/sha}","git_refs_url":"https://api.github.com/repos/rrajendhar114/API-Testing-repo-31/git/refs{/sha}","trees_url":"https://api.github.com/repos/rrajendhar114/API-Testing-repo-31/git/trees{/sha}","statuses_url":"https://api.github.com/repos/rrajendhar114/API-Testing-repo-31/statuses/{sha}","languages_url":"https://api.github.com/repos/rrajendhar114/API-Testing-repo-31/languages","stargazers_url":"https://api.github.com/repos/rrajendhar114/API-Testing-repo-31/stargazers","contributors_url":"https://api.github.com/repos/rrajendhar114/API-Testing-repo-31/contributors","subscribers_url":"https://api.github.com/repos/rrajendhar114/API-Testing-repo-31/subscribers","subscription_url":"https://api.github.com/repos/rrajendhar114/API-Testing-repo-31/subscription","commits_url":"https://api.github.com/repos/rrajendhar114/API-Testing-repo-31/commits{/sha}","git_commits_url":"https://api.github.com/repos/rrajendhar114/API-Testing-repo-31/git/commits{/sha}","comments_url":"https://api.github.com/repos/rrajendhar114/API-Testing-repo-31/comments{/number}","issue_comment_url":"https://api.github.com/repos/rrajendhar114/API-Testing-repo-31/issues/comments{/number}","contents_url":"https://api.github.com/repos/rrajendhar114/API-Testing-repo-31/contents/{+path}","compare_url":"https://api.github.com/repos/rrajendhar114/API-Testing-repo-31/compare/{base}...{head}","merges_url":"https://api.github.com/repos/rrajendhar114/API-Testing-repo-31/merges","archive_url":"https://api.github.com/repos/rrajendhar114/API-Testing-repo-31/{archive_format}{/ref}","downloads_url":"https://api.github.com/repos/rrajendhar114/API-Testing-repo-31/downloads","issues_url":"https://api.github.com/repos/rrajendhar114/API-Testing-repo-31/issues{/number}","pulls_url":"https://api.github.com/repos/rrajendhar114/API-Testing-repo-31/pulls{/number}","milestones_url":"https://api.github.com/repos/rrajendhar114/API-Testing-repo-31/milestones{/number}","notifications_url":"https://api.github.com/repos/rrajendhar114/API-Testing-repo-31/notifications{?since,all,participating}","labels_url":"https://api.github.com/repos/rrajendhar114/API-Testing-repo-31/labels{/name}","releases_url":"https://api.github.com/repos/rrajendhar114/API-Testing-repo-31/releases{/id}","deployments_url":"https://api.github.com/repos/rrajendhar114/API-Testing-repo-31/deployments","created_at":"2025-10-11T16:34:10Z","updated_at":"2025-10-11T16:34:11Z","pushed_at":"2025-10-11T16:34:11Z","git_url":"git://github.com/rrajendhar114/API-Testing-repo-31.git","ssh_url":"git@github.com:rrajendhar114/API-Testing-repo-31.git","clone_url":"https://github.com/rrajendhar114/API-Testing-repo-31.git","svn_url":"https://github.com/rrajendhar114/API-Testing-repo-31","homepage":null,"size":0,"stargazers_count":0,"watchers_count":0,"language":null,"has_issues":true,"has_projects":true,"has_downloads":true,"has_wiki":true,"has_pages":false,"has_discussions":false,"forks_count":0,"mirror_url":null,"archived":false,"disabled":false,"open_issues_count":0,"license":null,"allow_forking":true,"is_template":false,"web_commit_signoff_required":false,"topics":[],"visibility":"public","forks":0,"open_issues":0,"watchers":0,"default_branch":"main","permissions":{"admin":true,"maintain":true,"push":true,"triage":true,"pull":true},"allow_squash_merge":true,"allow_merge_commit":true,"allow_rebase_merge":true,"allow_auto_merge":false,"delete_branch_on_merge":false,"allow_update_branch":false,"use_squash_pr_title_as_default":false,"squash_merge_commit_message":"COMMIT_MESSAGES","squash_merge_commit_title":"COMMIT_OR_PR_TITLE","merge_commit_message":"PR_TITLE","merge_commit_title":"MERGE_MESSAGE","network_count":0,"subscribers_count":0}
2025-10-11 22:04:13,441 INFO  - Assertion on Repo name is done - 
2025-10-11 22:04:13,442 INFO  - Request Payload Name API-Testing-repo-31
2025-10-11 22:04:13,489 INFO  - Response Payload Name API-Testing-repo-31
2025-10-11 22:04:13,514 INFO  - Assertion on Repo Description is done - 
2025-10-11 22:04:13,514 INFO  - Request Payload Description Repo created via RestAssured Pojo Test 2
2025-10-11 22:04:13,564 INFO  - Response Payload Description Repo created via RestAssured Pojo Test 2
2025-10-11 22:04:13,617 INFO  - **********************************************************************************
2025-10-11 22:04:13,617 INFO  - **********************************************************************************
2025-10-11 22:04:13,617 INFO  - $$$$$$$$$$$$$$$$$$$$$$$$$$$$$$$$  createRepositoryTestCase   $$$$$$$$$$$$$$$$$$$$$$$$$$$$
2025-10-11 22:04:13,617 INFO  - **********************************************************************************
2025-10-11 22:04:13,617 INFO  - **********************************************************************************
2025-10-11 22:04:13,617 INFO  - Step : 1 - Generating payload string
2025-10-11 22:04:13,627 INFO  - Step : 2 - Executing Create Repo Api
2025-10-11 22:04:13,635 INFO  - Request URI is - https://api.github.com/user/repos
2025-10-11 22:04:13,635 INFO  - Request Payload is - {
    "name": "API-Testing-repo-21",
    "description": "Repo created via RestAssured Test 1"
}
2025-10-11 22:04:15,168 INFO  - Request Response is - {"id":1074361902,"node_id":"R_kgDOQAl2Lg","name":"API-Testing-repo-21","full_name":"rrajendhar114/API-Testing-repo-21","private":false,"owner":{"login":"rrajendhar114","id":208336740,"node_id":"U_kgDODGr3ZA","avatar_url":"https://avatars.githubusercontent.com/u/208336740?v=4","gravatar_id":"","url":"https://api.github.com/users/rrajendhar114","html_url":"https://github.com/rrajendhar114","followers_url":"https://api.github.com/users/rrajendhar114/followers","following_url":"https://api.github.com/users/rrajendhar114/following{/other_user}","gists_url":"https://api.github.com/users/rrajendhar114/gists{/gist_id}","starred_url":"https://api.github.com/users/rrajendhar114/starred{/owner}{/repo}","subscriptions_url":"https://api.github.com/users/rrajendhar114/subscriptions","organizations_url":"https://api.github.com/users/rrajendhar114/orgs","repos_url":"https://api.github.com/users/rrajendhar114/repos","events_url":"https://api.github.com/users/rrajendhar114/events{/privacy}","received_events_url":"https://api.github.com/users/rrajendhar114/received_events","type":"User","user_view_type":"public","site_admin":false},"html_url":"https://github.com/rrajendhar114/API-Testing-repo-21","description":"Repo created via RestAssured Test 1","fork":false,"url":"https://api.github.com/repos/rrajendhar114/API-Testing-repo-21","forks_url":"https://api.github.com/repos/rrajendhar114/API-Testing-repo-21/forks","keys_url":"https://api.github.com/repos/rrajendhar114/API-Testing-repo-21/keys{/key_id}","collaborators_url":"https://api.github.com/repos/rrajendhar114/API-Testing-repo-21/collaborators{/collaborator}","teams_url":"https://api.github.com/repos/rrajendhar114/API-Testing-repo-21/teams","hooks_url":"https://api.github.com/repos/rrajendhar114/API-Testing-repo-21/hooks","issue_events_url":"https://api.github.com/repos/rrajendhar114/API-Testing-repo-21/issues/events{/number}","events_url":"https://api.github.com/repos/rrajendhar114/API-Testing-repo-21/events","assignees_url":"https://api.github.com/repos/rrajendhar114/API-Testing-repo-21/assignees{/user}","branches_url":"https://api.github.com/repos/rrajendhar114/API-Testing-repo-21/branches{/branch}","tags_url":"https://api.github.com/repos/rrajendhar114/API-Testing-repo-21/tags","blobs_url":"https://api.github.com/repos/rrajendhar114/API-Testing-repo-21/git/blobs{/sha}","git_tags_url":"https://api.github.com/repos/rrajendhar114/API-Testing-repo-21/git/tags{/sha}","git_refs_url":"https://api.github.com/repos/rrajendhar114/API-Testing-repo-21/git/refs{/sha}","trees_url":"https://api.github.com/repos/rrajendhar114/API-Testing-repo-21/git/trees{/sha}","statuses_url":"https://api.github.com/repos/rrajendhar114/API-Testing-repo-21/statuses/{sha}","languages_url":"https://api.github.com/repos/rrajendhar114/API-Testing-repo-21/languages","stargazers_url":"https://api.github.com/repos/rrajendhar114/API-Testing-repo-21/stargazers","contributors_url":"https://api.github.com/repos/rrajendhar114/API-Testing-repo-21/contributors","subscribers_url":"https://api.github.com/repos/rrajendhar114/API-Testing-repo-21/subscribers","subscription_url":"https://api.github.com/repos/rrajendhar114/API-Testing-repo-21/subscription","commits_url":"https://api.github.com/repos/rrajendhar114/API-Testing-repo-21/commits{/sha}","git_commits_url":"https://api.github.com/repos/rrajendhar114/API-Testing-repo-21/git/commits{/sha}","comments_url":"https://api.github.com/repos/rrajendhar114/API-Testing-repo-21/comments{/number}","issue_comment_url":"https://api.github.com/repos/rrajendhar114/API-Testing-repo-21/issues/comments{/number}","contents_url":"https://api.github.com/repos/rrajendhar114/API-Testing-repo-21/contents/{+path}","compare_url":"https://api.github.com/repos/rrajendhar114/API-Testing-repo-21/compare/{base}...{head}","merges_url":"https://api.github.com/repos/rrajendhar114/API-Testing-repo-21/merges","archive_url":"https://api.github.com/repos/rrajendhar114/API-Testing-repo-21/{archive_format}{/ref}","downloads_url":"https://api.github.com/repos/rrajendhar114/API-Testing-repo-21/downloads","issues_url":"https://api.github.com/repos/rrajendhar114/API-Testing-repo-21/issues{/number}","pulls_url":"https://api.github.com/repos/rrajendhar114/API-Testing-repo-21/pulls{/number}","milestones_url":"https://api.github.com/repos/rrajendhar114/API-Testing-repo-21/milestones{/number}","notifications_url":"https://api.github.com/repos/rrajendhar114/API-Testing-repo-21/notifications{?since,all,participating}","labels_url":"https://api.github.com/repos/rrajendhar114/API-Testing-repo-21/labels{/name}","releases_url":"https://api.github.com/repos/rrajendhar114/API-Testing-repo-21/releases{/id}","deployments_url":"https://api.github.com/repos/rrajendhar114/API-Testing-repo-21/deployments","created_at":"2025-10-11T16:34:13Z","updated_at":"2025-10-11T16:34:14Z","pushed_at":"2025-10-11T16:34:14Z","git_url":"git://github.com/rrajendhar114/API-Testing-repo-21.git","ssh_url":"git@github.com:rrajendhar114/API-Testing-repo-21.git","clone_url":"https://github.com/rrajendhar114/API-Testing-repo-21.git","svn_url":"https://github.com/rrajendhar114/API-Testing-repo-21","homepage":null,"size":0,"stargazers_count":0,"watchers_count":0,"language":null,"has_issues":true,"has_projects":true,"has_downloads":true,"has_wiki":true,"has_pages":false,"has_discussions":false,"forks_count":0,"mirror_url":null,"archived":false,"disabled":false,"open_issues_count":0,"license":null,"allow_forking":true,"is_template":false,"web_commit_signoff_required":false,"topics":[],"visibility":"public","forks":0,"open_issues":0,"watchers":0,"default_branch":"main","permissions":{"admin":true,"maintain":true,"push":true,"triage":true,"pull":true},"allow_squash_merge":true,"allow_merge_commit":true,"allow_rebase_merge":true,"allow_auto_merge":false,"delete_branch_on_merge":false,"allow_update_branch":false,"use_squash_pr_title_as_default":false,"squash_merge_commit_message":"COMMIT_MESSAGES","squash_merge_commit_title":"COMMIT_OR_PR_TITLE","merge_commit_message":"PR_TITLE","merge_commit_title":"MERGE_MESSAGE","network_count":0,"subscribers_count":0}
2025-10-11 22:04:15,168 INFO  - Step : 3 - Validating Repository name
2025-10-11 22:04:15,201 INFO  - Step : 3 - Validating Repository Description
2025-10-11 22:04:15,238 INFO  - Assertion on Repo Description is done - 
2025-10-11 22:04:15,240 INFO  - xxxxxxxxxxxxxxxxxxxxxxxxxxx    --E--N--D-- xxxxxxxxxxxxxxxxxxxxxxxxx
2025-10-11 22:04:15,240 INFO  - xxxxxxxxxxxxxxxxxxxxxxxxxxxxxxxxxxxxxxxxxxxxxxxxxxxxxxxxxxxxxxxxxxxxxxxxxxxxxxxxxxx
2025-10-11 22:04:15,240 INFO  - xxxxxxxxxxxxxxxxxxxxxxxxxxxxxxxxxxxxxxxxxxxxxxxxxxxxxxxxxxxxxxxxxxxxxxxxxxxxxxxxxxx
2025-10-11 22:04:15,241 INFO  - x
2025-10-11 22:04:15,241 INFO  - x
2025-10-11 22:04:15,241 INFO  - x
2025-10-11 22:04:15,269 INFO  - **********************************************************************************
2025-10-11 22:04:15,269 INFO  - **********************************************************************************
2025-10-11 22:04:15,269 INFO  - $$$$$$$$$$$$$$$$$$$$$$$$$$$$$$$$  deleteRepo   $$$$$$$$$$$$$$$$$$$$$$$$$$$$
2025-10-11 22:04:15,269 INFO  - **********************************************************************************
2025-10-11 22:04:15,269 INFO  - **********************************************************************************
2025-10-11 22:04:15,269 INFO  - starting Delete Repo Test
2025-10-11 22:04:15,270 INFO  - Request Payload is -  {
    "name": "API-Testing-repo-21",
    "description": "Repo created via RestAssured Test 1"
}
2025-10-11 22:04:15,291 INFO  - Request URI is - https://api.github.com/repos/rrajendhar114/API-Testing-repo-21
2025-10-11 22:04:16,161 INFO  - Request Response Status code is - 204
2025-10-11 22:04:16,162 INFO  - Request Response status Code is 204
2025-10-11 22:04:16,162 INFO  - xxxxxxxxxxxxxxxxxxxxxxxxxxx    --E--N--D-- xxxxxxxxxxxxxxxxxxxxxxxxx
2025-10-11 22:04:16,162 INFO  - xxxxxxxxxxxxxxxxxxxxxxxxxxxxxxxxxxxxxxxxxxxxxxxxxxxxxxxxxxxxxxxxxxxxxxxxxxxxxxxxxxx
2025-10-11 22:04:16,163 INFO  - xxxxxxxxxxxxxxxxxxxxxxxxxxxxxxxxxxxxxxxxxxxxxxxxxxxxxxxxxxxxxxxxxxxxxxxxxxxxxxxxxxx
2025-10-11 22:04:16,163 INFO  - x
2025-10-11 22:04:16,163 INFO  - x
2025-10-11 22:04:16,163 INFO  - x
2025-10-11 22:04:16,168 INFO  - **********************************************************************************
2025-10-11 22:04:16,168 INFO  - **********************************************************************************
2025-10-11 22:04:16,168 INFO  - $$$$$$$$$$$$$$$$$$$$$$$$$$$$$$$$  deleteRepoPojo   $$$$$$$$$$$$$$$$$$$$$$$$$$$$
2025-10-11 22:04:16,168 INFO  - **********************************************************************************
2025-10-11 22:04:16,168 INFO  - **********************************************************************************
2025-10-11 22:04:16,169 INFO  - starting Delete Repo Pojo Test
2025-10-11 22:04:16,170 INFO  - Request Payload is - {
  "name" : "API-Testing-repo-31",
  "description" : "Repo created via RestAssured Pojo Test 2"
}
2025-10-11 22:04:16,170 INFO  - https://api.github.com/repos/rrajendhar114/API-Testing-repo-31
2025-10-11 22:04:16,174 INFO  - Request URI is - https://api.github.com/repos/rrajendhar114/API-Testing-repo-31
2025-10-11 22:04:16,946 INFO  - Request Response Status code is - 204
2025-10-11 22:04:16,948 INFO  - Request Response status Code is 204
2025-10-11 22:04:16,950 INFO  - Request Response status Message is HTTP/1.1 204 No Content
2025-10-11 22:04:16,950 INFO  - HTTP/1.1 204 No Content
2025-10-11 22:04:16,950 INFO  - xxxxxxxxxxxxxxxxxxxxxxxxxxx    --E--N--D-- xxxxxxxxxxxxxxxxxxxxxxxxx
2025-10-11 22:04:16,950 INFO  - xxxxxxxxxxxxxxxxxxxxxxxxxxxxxxxxxxxxxxxxxxxxxxxxxxxxxxxxxxxxxxxxxxxxxxxxxxxxxxxxxxx
2025-10-11 22:04:16,951 INFO  - xxxxxxxxxxxxxxxxxxxxxxxxxxxxxxxxxxxxxxxxxxxxxxxxxxxxxxxxxxxxxxxxxxxxxxxxxxxxxxxxxxx
2025-10-11 22:04:16,951 INFO  - x
2025-10-11 22:04:16,951 INFO  - x
2025-10-11 22:04:16,951 INFO  - x
2025-12-12 15:57:58,062 INFO  - **********************************************************************************
2025-12-12 15:57:58,063 INFO  - **********************************************************************************
2025-12-12 15:57:58,063 INFO  - $$$$$$$$$$$$$$$$$$$$$$$$$$$$$$$$  REST_TEST01   $$$$$$$$$$$$$$$$$$$$$$$$$$$$
2025-12-12 15:57:58,063 INFO  - **********************************************************************************
2025-12-12 15:57:58,063 INFO  - **********************************************************************************
2025-12-12 15:57:58,063 INFO  - Creating Rest Assured Object
2025-12-12 15:57:58,063 INFO  - Excel sheet opened
2025-12-12 15:57:58,063 INFO  - New Object instantiated
2025-12-12 15:57:58,063 INFO  - URL of application launched
2025-12-12 15:57:58,063 INFO  - Action is performed on Log out Link
2025-12-12 15:57:58,063 INFO  - Test case-1 closed
2025-12-12 15:57:58,064 INFO  - xxxxxxxxxxxxxxxxxxxxxxxxxxx    --E--N--D-- xxxxxxxxxxxxxxxxxxxxxxxxx
2025-12-12 15:57:58,064 INFO  - xxxxxxxxxxxxxxxxxxxxxxxxxxxxxxxxxxxxxxxxxxxxxxxxxxxxxxxxxxxxxxxxxxxxxxxxxxxxxxxxxxx
2025-12-12 15:57:58,064 INFO  - xxxxxxxxxxxxxxxxxxxxxxxxxxxxxxxxxxxxxxxxxxxxxxxxxxxxxxxxxxxxxxxxxxxxxxxxxxxxxxxxxxx
2025-12-12 15:57:58,064 INFO  - x
2025-12-12 15:57:58,064 INFO  - x
2025-12-12 15:57:58,064 INFO  - x
2025-12-12 15:57:58,079 INFO  - **********************************************************************************
2025-12-12 15:57:58,080 INFO  - **********************************************************************************
2025-12-12 15:57:58,080 INFO  - $$$$$$$$$$$$$$$$$$$$$$$$$$$$$$$$  REST_TEST02   $$$$$$$$$$$$$$$$$$$$$$$$$$$$
2025-12-12 15:57:58,080 INFO  - **********************************************************************************
2025-12-12 15:57:58,080 INFO  - **********************************************************************************
2025-12-12 15:57:58,080 INFO  - Creating Rest Assured Object
2025-12-12 15:57:58,081 INFO  - Excel sheet opened
2025-12-12 15:57:58,081 INFO  - New Object instantiated
2025-12-12 15:57:58,081 INFO  - URL of application launched
2025-12-12 15:57:58,081 INFO  - Action is performed on Log out Link
2025-12-12 15:57:58,081 INFO  - Test case-2 closed
2025-12-12 15:57:58,081 INFO  - xxxxxxxxxxxxxxxxxxxxxxxxxxx    --E--N--D-- xxxxxxxxxxxxxxxxxxxxxxxxx
2025-12-12 15:57:58,081 INFO  - xxxxxxxxxxxxxxxxxxxxxxxxxxxxxxxxxxxxxxxxxxxxxxxxxxxxxxxxxxxxxxxxxxxxxxxxxxxxxxxxxxx
2025-12-12 15:57:58,081 INFO  - xxxxxxxxxxxxxxxxxxxxxxxxxxxxxxxxxxxxxxxxxxxxxxxxxxxxxxxxxxxxxxxxxxxxxxxxxxxxxxxxxxx
2025-12-12 15:57:58,081 INFO  - x
2025-12-12 15:57:58,082 INFO  - x
2025-12-12 15:57:58,082 INFO  - x
